/home/brett/github/transmission-line/include/Catenary.h:182: warning: argument 'x' of command @param is not found in the argument list of Catenary2D::set_spacing_endpoints(const Vector2D &spacing_endpoints)
/home/brett/github/transmission-line/include/Catenary.h:182: warning: The following parameters of Catenary2D::set_spacing_endpoints(const Vector2D &spacing_endpoints) are not documented:
  parameter 'spacing_endpoints'
/home/brett/github/transmission-line/include/Catenary.h:478: warning: argument 'x' of command @param is not found in the argument list of Catenary3D::set_spacing_endpoints(const Vector3D &spacing_endpoints)
/home/brett/github/transmission-line/include/Catenary.h:478: warning: The following parameters of Catenary3D::set_spacing_endpoints(const Vector3D &spacing_endpoints) are not documented:
  parameter 'spacing_endpoints'
/home/brett/github/transmission-line/include/SupportLibrary.h:76: warning: argument 'x' of command @param is not found in the argument list of Vector2D::Vector2D(const double &X, const double &Y)
/home/brett/github/transmission-line/include/SupportLibrary.h:76: warning: argument 'y' of command @param is not found in the argument list of Vector2D::Vector2D(const double &X, const double &Y)
/home/brett/github/transmission-line/include/SupportLibrary.h:76: warning: The following parameters of Vector2D::Vector2D(const double &X, const double &Y) are not documented:
  parameter 'X'
  parameter 'Y'
/home/brett/github/transmission-line/include/SupportLibrary.h:118: warning: argument 'The' of command @param is not found in the argument list of Vector2D::set_x(const double &x)
/home/brett/github/transmission-line/include/SupportLibrary.h:118: warning: The following parameters of Vector2D::set_x(const double &x) are not documented:
  parameter 'x'
/home/brett/github/transmission-line/include/SupportLibrary.h:124: warning: argument 'The' of command @param is not found in the argument list of Vector2D::set_y(const double &y)
/home/brett/github/transmission-line/include/SupportLibrary.h:124: warning: The following parameters of Vector2D::set_y(const double &y) are not documented:
  parameter 'y'
/home/brett/github/transmission-line/include/SupportLibrary.h:212: warning: argument 'The' of command @param is not found in the argument list of Vector3D::set_x(const double &x)
/home/brett/github/transmission-line/include/SupportLibrary.h:212: warning: The following parameters of Vector3D::set_x(const double &x) are not documented:
  parameter 'x'
/home/brett/github/transmission-line/include/SupportLibrary.h:218: warning: argument 'The' of command @param is not found in the argument list of Vector3D::set_y(const double &y)
/home/brett/github/transmission-line/include/SupportLibrary.h:218: warning: The following parameters of Vector3D::set_y(const double &y) are not documented:
  parameter 'y'
/home/brett/github/transmission-line/include/SupportLibrary.h:224: warning: argument 'The' of command @param is not found in the argument list of Vector3D::set_z(const double &z)
/home/brett/github/transmission-line/include/SupportLibrary.h:224: warning: The following parameters of Vector3D::set_z(const double &z) are not documented:
  parameter 'z'
error: Problems running latex. Check your installation or look for typos in _formulas.tex and check _formulas.log!
error: Problems running dvips. Check your installation!
